2018-05-29 23:44:03,203 - preload.py[line:12] - INFO: 加载系统菜单......
2018-05-29 23:45:57,495 - preload.py[line:12] - INFO: 加载系统菜单......
2018-05-29 23:46:09,120 - preload.py[line:12] - INFO: 加载系统菜单......
2018-05-29 23:46:12,313 - preload.py[line:12] - INFO: 加载系统菜单......
2018-05-29 23:46:46,665 - preload.py[line:12] - INFO: 加载系统菜单......
2018-05-29 23:55:35,989 - preload.py[line:12] - INFO: 加载系统菜单......
2018-05-29 23:56:52,128 - preload.py[line:12] - INFO: 加载系统菜单......
2018-05-29 23:59:35,157 - preload.py[line:12] - INFO: 加载系统菜单......
2018-05-30 00:01:09,268 - preload.py[line:12] - INFO: 加载系统菜单......
2018-05-30 00:01:09,274 - preload.py[line:15] - INFO: 加载系统代码数据......
2018-05-30 00:01:09,275 - preload.py[line:17] - INFO: 加载字段代码对应数据......
2018-05-30 00:01:09,276 - preload.py[line:19] - INFO: 定时任务模块启动......
2018-05-30 00:01:09,308 - preload.py[line:22] - INFO: 启动策略扫描告警模块......
2018-05-30 00:01:09,338 - preload.py[line:25] - INFO: 定时短信功能启动......
2018-05-30 00:21:30,781 - preload.py[line:12] - INFO: 加载系统菜单......
2018-05-30 00:21:30,788 - preload.py[line:15] - INFO: 加载系统代码数据......
2018-05-30 00:21:30,789 - preload.py[line:17] - INFO: 加载字段代码对应数据......
2018-05-30 00:21:30,791 - preload.py[line:19] - INFO: 定时任务模块启动......
2018-05-30 00:21:30,794 - preload.py[line:22] - INFO: 启动策略扫描告警模块......
2018-05-30 00:21:30,797 - preload.py[line:25] - INFO: 定时短信功能启动......
2018-05-30 10:41:36,068 - preload.py[line:12] - INFO: 加载系统菜单......
2018-05-30 10:41:36,158 - preload.py[line:15] - INFO: 加载系统代码数据......
2018-05-30 10:41:36,160 - preload.py[line:17] - INFO: 加载字段代码对应数据......
2018-05-30 10:41:36,162 - preload.py[line:19] - INFO: 定时任务模块启动......
2018-05-30 10:41:36,173 - preload.py[line:22] - INFO: 启动策略扫描告警模块......
2018-05-30 10:41:36,181 - preload.py[line:25] - INFO: 定时短信功能启动......
2018-05-30 10:41:56,186 - __init__.py[line:410] - INFO: Running job Every 20 seconds do run_thread(12) (last run: [never], next run: 2018-05-30 10:41:56)
2018-05-30 10:41:56,205 - taskEngine.py[line:86] - INFO: 任务 12 执行完毕！
2018-05-30 10:42:16,211 - __init__.py[line:410] - INFO: Running job Every 20 seconds do run_thread(12) (last run: 2018-05-30 10:41:56, next run: 2018-05-30 10:42:16)
2018-05-30 10:42:16,223 - taskEngine.py[line:86] - INFO: 任务 12 执行完毕！
2018-05-30 10:42:36,231 - __init__.py[line:410] - INFO: Running job Every 20 seconds do run_thread(12) (last run: 2018-05-30 10:42:16, next run: 2018-05-30 10:42:36)
2018-05-30 10:42:36,244 - taskEngine.py[line:86] - INFO: 任务 12 执行完毕！
2018-05-30 10:42:56,251 - __init__.py[line:410] - INFO: Running job Every 20 seconds do run_thread(12) (last run: 2018-05-30 10:42:36, next run: 2018-05-30 10:42:56)
2018-05-30 10:42:56,255 - taskEngine.py[line:86] - INFO: 任务 12 执行完毕！
2018-05-30 10:46:16,957 - preload.py[line:12] - INFO: 加载系统菜单......
2018-05-30 10:46:16,963 - preload.py[line:15] - INFO: 加载系统代码数据......
2018-05-30 10:46:16,964 - preload.py[line:17] - INFO: 加载字段代码对应数据......
2018-05-30 10:46:16,966 - preload.py[line:19] - INFO: 定时任务模块启动......
2018-05-30 10:46:16,971 - preload.py[line:22] - INFO: 启动策略扫描告警模块......
2018-05-30 10:46:16,975 - preload.py[line:25] - INFO: 定时短信功能启动......
2018-05-30 10:46:36,989 - __init__.py[line:410] - INFO: Running job Every 20 seconds do run_thread(12) (last run: [never], next run: 2018-05-30 10:46:36)
2018-05-30 10:46:36,996 - taskEngine.py[line:86] - INFO: 任务 12 执行完毕！
2018-05-30 10:46:57,004 - __init__.py[line:410] - INFO: Running job Every 20 seconds do run_thread(12) (last run: 2018-05-30 10:46:36, next run: 2018-05-30 10:46:56)
2018-05-30 10:46:57,008 - taskEngine.py[line:86] - INFO: 任务 12 执行完毕！
2018-05-30 10:47:17,021 - __init__.py[line:410] - INFO: Running job Every 20 seconds do run_thread(12) (last run: 2018-05-30 10:46:57, next run: 2018-05-30 10:47:17)
2018-05-30 10:47:17,035 - taskEngine.py[line:86] - INFO: 任务 12 执行完毕！
2018-05-30 11:13:46,500 - preload.py[line:12] - INFO: 加载系统菜单......
2018-05-30 11:13:46,507 - preload.py[line:15] - INFO: 加载系统代码数据......
2018-05-30 11:13:46,510 - preload.py[line:17] - INFO: 加载字段代码对应数据......
2018-05-30 11:13:46,512 - preload.py[line:19] - INFO: 定时任务模块启动......
2018-05-30 11:13:46,518 - preload.py[line:22] - INFO: 启动策略扫描告警模块......
2018-05-30 11:13:46,534 - preload.py[line:25] - INFO: 定时短信功能启动......
2018-05-30 11:14:06,533 - __init__.py[line:410] - INFO: Running job Every 20 seconds do run_thread(12) (last run: [never], next run: 2018-05-30 11:14:06)
2018-05-30 11:14:06,553 - taskEngine.py[line:86] - INFO: 任务 12 执行完毕！
2018-05-30 11:14:26,554 - __init__.py[line:410] - INFO: Running job Every 20 seconds do run_thread(12) (last run: 2018-05-30 11:14:06, next run: 2018-05-30 11:14:26)
2018-05-30 11:14:26,558 - taskEngine.py[line:86] - INFO: 任务 12 执行完毕！
2018-05-30 11:14:36,564 - __init__.py[line:410] - INFO: Running job Every 50 seconds do sms_level_01() (last run: [never], next run: 2018-05-30 11:14:36)
2018-05-30 11:14:36,565 - __init__.py[line:410] - INFO: Running job Every 50 seconds do sms_level_01() (last run: [never], next run: 2018-05-30 11:14:36)
2018-05-30 11:14:46,691 - __init__.py[line:410] - INFO: Running job Every 20 seconds do run_thread(12) (last run: 2018-05-30 11:14:26, next run: 2018-05-30 11:14:46)
2018-05-30 11:14:46,700 - taskEngine.py[line:86] - INFO: 任务 12 执行完毕！
2018-05-30 11:18:21,023 - preload.py[line:12] - INFO: 加载系统菜单......
2018-05-30 11:18:21,029 - preload.py[line:15] - INFO: 加载系统代码数据......
2018-05-30 11:18:21,031 - preload.py[line:17] - INFO: 加载字段代码对应数据......
2018-05-30 11:18:21,033 - preload.py[line:19] - INFO: 定时任务模块启动......
2018-05-30 11:18:21,037 - preload.py[line:22] - INFO: 启动策略扫描告警模块......
2018-05-30 11:18:21,047 - preload.py[line:25] - INFO: 定时短信功能启动......
2018-05-30 11:18:26,053 - __init__.py[line:410] - INFO: Running job Every 5 seconds do sms_level_01() (last run: [never], next run: 2018-05-30 11:18:26)
2018-05-30 11:18:31,058 - __init__.py[line:410] - INFO: Running job Every 5 seconds do sms_level_01() (last run: 2018-05-30 11:18:26, next run: 2018-05-30 11:18:31)
2018-05-30 11:29:13,129 - preload.py[line:12] - INFO: 加载系统菜单......
2018-05-30 11:29:13,135 - preload.py[line:15] - INFO: 加载系统代码数据......
2018-05-30 11:29:13,136 - preload.py[line:17] - INFO: 加载字段代码对应数据......
2018-05-30 11:29:13,138 - preload.py[line:19] - INFO: 定时任务模块启动......
2018-05-30 11:29:13,143 - preload.py[line:22] - INFO: 启动策略扫描告警模块......
2018-05-30 11:29:13,152 - preload.py[line:25] - INFO: 定时短信功能启动......
2018-05-30 11:29:18,156 - __init__.py[line:410] - INFO: Running job Every 5 seconds do sms_level_01() (last run: [never], next run: 2018-05-30 11:29:18)
2018-05-30 11:29:23,161 - __init__.py[line:410] - INFO: Running job Every 5 seconds do sms_level_01() (last run: 2018-05-30 11:29:18, next run: 2018-05-30 11:29:23)
2018-05-30 11:29:28,167 - __init__.py[line:410] - INFO: Running job Every 5 seconds do sms_level_01() (last run: 2018-05-30 11:29:23, next run: 2018-05-30 11:29:28)
2018-05-30 11:29:33,159 - __init__.py[line:410] - INFO: Running job Every 20 seconds do run_thread(12) (last run: [never], next run: 2018-05-30 11:29:33)
2018-05-30 11:29:33,174 - __init__.py[line:410] - INFO: Running job Every 5 seconds do sms_level_01() (last run: 2018-05-30 11:29:28, next run: 2018-05-30 11:29:33)
2018-05-30 11:29:33,179 - taskEngine.py[line:86] - INFO: 任务 12 执行完毕！
2018-05-30 11:30:16,218 - preload.py[line:12] - INFO: 加载系统菜单......
2018-05-30 11:30:16,223 - preload.py[line:15] - INFO: 加载系统代码数据......
2018-05-30 11:30:16,225 - preload.py[line:17] - INFO: 加载字段代码对应数据......
2018-05-30 11:30:16,227 - preload.py[line:19] - INFO: 定时任务模块启动......
2018-05-30 11:30:16,231 - preload.py[line:22] - INFO: 启动策略扫描告警模块......
2018-05-30 11:30:16,241 - preload.py[line:25] - INFO: 定时短信功能启动......
2018-05-30 11:30:21,244 - __init__.py[line:410] - INFO: Running job Every 5 seconds do sms_level_01() (last run: [never], next run: 2018-05-30 11:30:21)
2018-05-30 11:30:26,249 - __init__.py[line:410] - INFO: Running job Every 5 seconds do sms_level_01() (last run: 2018-05-30 11:30:21, next run: 2018-05-30 11:30:26)
2018-05-30 11:30:31,255 - __init__.py[line:410] - INFO: Running job Every 5 seconds do sms_level_01() (last run: 2018-05-30 11:30:26, next run: 2018-05-30 11:30:31)
2018-05-30 11:30:36,245 - __init__.py[line:410] - INFO: Running job Every 20 seconds do run_thread(12) (last run: [never], next run: 2018-05-30 11:30:36)
2018-05-30 11:30:36,261 - __init__.py[line:410] - INFO: Running job Every 5 seconds do sms_level_01() (last run: 2018-05-30 11:30:31, next run: 2018-05-30 11:30:36)
2018-05-30 11:30:36,265 - taskEngine.py[line:86] - INFO: 任务 12 执行完毕！
2018-05-30 11:30:41,266 - __init__.py[line:410] - INFO: Running job Every 5 seconds do sms_level_01() (last run: 2018-05-30 11:30:36, next run: 2018-05-30 11:30:41)
2018-05-30 11:30:46,272 - __init__.py[line:410] - INFO: Running job Every 5 seconds do sms_level_01() (last run: 2018-05-30 11:30:41, next run: 2018-05-30 11:30:46)
2018-05-30 11:30:51,278 - __init__.py[line:410] - INFO: Running job Every 5 seconds do sms_level_01() (last run: 2018-05-30 11:30:46, next run: 2018-05-30 11:30:51)
2018-05-30 11:30:56,269 - __init__.py[line:410] - INFO: Running job Every 20 seconds do run_thread(12) (last run: 2018-05-30 11:30:36, next run: 2018-05-30 11:30:56)
2018-05-30 11:30:56,274 - taskEngine.py[line:86] - INFO: 任务 12 执行完毕！
2018-05-30 11:30:56,282 - __init__.py[line:410] - INFO: Running job Every 5 seconds do sms_level_01() (last run: 2018-05-30 11:30:51, next run: 2018-05-30 11:30:56)
2018-05-30 11:31:01,286 - __init__.py[line:410] - INFO: Running job Every 5 seconds do sms_level_01() (last run: 2018-05-30 11:30:56, next run: 2018-05-30 11:31:01)
2018-05-30 11:31:06,290 - __init__.py[line:410] - INFO: Running job Every 5 seconds do sms_level_01() (last run: 2018-05-30 11:31:01, next run: 2018-05-30 11:31:06)
2018-05-30 11:31:11,296 - __init__.py[line:410] - INFO: Running job Every 5 seconds do sms_level_01() (last run: 2018-05-30 11:31:06, next run: 2018-05-30 11:31:11)
2018-05-30 11:32:21,829 - preload.py[line:12] - INFO: 加载系统菜单......
2018-05-30 11:32:21,836 - preload.py[line:15] - INFO: 加载系统代码数据......
2018-05-30 11:32:21,838 - preload.py[line:17] - INFO: 加载字段代码对应数据......
2018-05-30 11:32:21,840 - preload.py[line:19] - INFO: 定时任务模块启动......
2018-05-30 11:32:21,844 - preload.py[line:22] - INFO: 启动策略扫描告警模块......
2018-05-30 11:32:21,853 - preload.py[line:25] - INFO: 定时短信功能启动......
2018-05-30 11:32:41,858 - __init__.py[line:410] - INFO: Running job Every 20 seconds do run_thread(12) (last run: [never], next run: 2018-05-30 11:32:41)
2018-05-30 11:32:41,866 - __init__.py[line:410] - INFO: Running job Every 20 seconds do run_thread(12) (last run: [never], next run: 2018-05-30 11:32:41)
2018-05-30 11:32:41,878 - taskEngine.py[line:86] - INFO: 任务 12 执行完毕！
2018-05-30 11:32:41,879 - taskEngine.py[line:86] - INFO: 任务 12 执行完毕！
2018-05-30 11:33:01,884 - __init__.py[line:410] - INFO: Running job Every 20 seconds do run_thread(12) (last run: 2018-05-30 11:32:41, next run: 2018-05-30 11:33:01)
2018-05-30 11:33:01,888 - taskEngine.py[line:86] - INFO: 任务 12 执行完毕！
2018-05-30 11:33:21,900 - __init__.py[line:410] - INFO: Running job Every 60 seconds do sms_level_01() (last run: [never], next run: 2018-05-30 11:33:21)
2018-05-30 11:33:21,901 - __init__.py[line:410] - INFO: Running job Every 60 seconds do sms_level_01() (last run: [never], next run: 2018-05-30 11:33:21)
2018-05-30 11:33:21,902 - __init__.py[line:410] - INFO: Running job Every 20 seconds do run_thread(12) (last run: 2018-05-30 11:33:01, next run: 2018-05-30 11:33:21)
2018-05-30 11:33:21,908 - __init__.py[line:410] - INFO: Running job Every 20 seconds do run_thread(12) (last run: 2018-05-30 11:33:01, next run: 2018-05-30 11:33:21)
2018-05-30 11:33:21,926 - taskEngine.py[line:86] - INFO: 任务 12 执行完毕！
2018-05-30 11:33:21,927 - taskEngine.py[line:86] - INFO: 任务 12 执行完毕！
2018-05-30 11:33:40,193 - preload.py[line:12] - INFO: 加载系统菜单......
2018-05-30 11:33:40,199 - preload.py[line:15] - INFO: 加载系统代码数据......
2018-05-30 11:33:40,200 - preload.py[line:17] - INFO: 加载字段代码对应数据......
2018-05-30 11:33:40,202 - preload.py[line:19] - INFO: 定时任务模块启动......
2018-05-30 11:33:40,206 - preload.py[line:22] - INFO: 启动策略扫描告警模块......
2018-05-30 11:33:40,216 - preload.py[line:25] - INFO: 定时短信功能启动......
2018-05-30 11:34:00,221 - __init__.py[line:410] - INFO: Running job Every 20 seconds do run_thread(12) (last run: [never], next run: 2018-05-30 11:34:00)
2018-05-30 11:34:00,230 - __init__.py[line:410] - INFO: Running job Every 20 seconds do run_thread(12) (last run: [never], next run: 2018-05-30 11:34:00)
2018-05-30 11:34:00,248 - taskEngine.py[line:86] - INFO: 任务 12 执行完毕！
2018-05-30 11:34:00,259 - taskEngine.py[line:86] - INFO: 任务 12 执行完毕！
2018-05-30 11:34:20,251 - __init__.py[line:410] - INFO: Running job Every 20 seconds do run_thread(12) (last run: 2018-05-30 11:34:00, next run: 2018-05-30 11:34:20)
2018-05-30 11:34:20,255 - taskEngine.py[line:86] - INFO: 任务 12 执行完毕！
2018-05-30 11:34:40,267 - __init__.py[line:410] - INFO: Running job Every 20 seconds do run_thread(12) (last run: 2018-05-30 11:34:20, next run: 2018-05-30 11:34:40)
2018-05-30 11:34:40,268 - __init__.py[line:410] - INFO: Running job Every 20 seconds do run_thread(12) (last run: 2018-05-30 11:34:20, next run: 2018-05-30 11:34:40)
2018-05-30 11:34:40,289 - taskEngine.py[line:86] - INFO: 任务 12 执行完毕！
2018-05-30 11:34:40,290 - taskEngine.py[line:86] - INFO: 任务 12 执行完毕！
2018-05-30 11:34:41,281 - __init__.py[line:410] - INFO: Running job Every 61 seconds do sms_level_01() (last run: [never], next run: 2018-05-30 11:34:41)
2018-05-30 11:35:00,297 - __init__.py[line:410] - INFO: Running job Every 20 seconds do run_thread(12) (last run: 2018-05-30 11:34:40, next run: 2018-05-30 11:35:00)
2018-05-30 11:35:00,301 - __init__.py[line:410] - INFO: Running job Every 20 seconds do run_thread(12) (last run: 2018-05-30 11:34:40, next run: 2018-05-30 11:35:00)
2018-05-30 11:35:00,310 - taskEngine.py[line:86] - INFO: 任务 12 执行完毕！
2018-05-30 11:35:00,319 - taskEngine.py[line:86] - INFO: 任务 12 执行完毕！
2018-05-30 11:35:20,318 - __init__.py[line:410] - INFO: Running job Every 20 seconds do run_thread(12) (last run: 2018-05-30 11:35:00, next run: 2018-05-30 11:35:20)
2018-05-30 11:35:20,321 - __init__.py[line:410] - INFO: Running job Every 20 seconds do run_thread(12) (last run: 2018-05-30 11:35:00, next run: 2018-05-30 11:35:20)
2018-05-30 11:35:20,333 - taskEngine.py[line:86] - INFO: 任务 12 执行完毕！
2018-05-30 11:35:20,335 - taskEngine.py[line:86] - INFO: 任务 12 执行完毕！
2018-05-30 11:35:40,339 - __init__.py[line:410] - INFO: Running job Every 20 seconds do run_thread(12) (last run: 2018-05-30 11:35:20, next run: 2018-05-30 11:35:40)
2018-05-30 11:35:40,345 - __init__.py[line:410] - INFO: Running job Every 20 seconds do run_thread(12) (last run: 2018-05-30 11:35:20, next run: 2018-05-30 11:35:40)
2018-05-30 11:35:40,361 - taskEngine.py[line:86] - INFO: 任务 12 执行完毕！
2018-05-30 11:35:40,363 - taskEngine.py[line:86] - INFO: 任务 12 执行完毕！
2018-05-30 11:35:42,354 - __init__.py[line:410] - INFO: Running job Every 61 seconds do sms_level_01() (last run: 2018-05-30 11:34:41, next run: 2018-05-30 11:35:42)
2018-05-30 11:36:00,368 - __init__.py[line:410] - INFO: Running job Every 20 seconds do run_thread(12) (last run: 2018-05-30 11:35:40, next run: 2018-05-30 11:36:00)
2018-05-30 11:36:00,374 - __init__.py[line:410] - INFO: Running job Every 20 seconds do run_thread(12) (last run: 2018-05-30 11:35:40, next run: 2018-05-30 11:36:00)
2018-05-30 11:36:00,388 - taskEngine.py[line:86] - INFO: 任务 12 执行完毕！
2018-05-30 11:36:00,403 - taskEngine.py[line:86] - INFO: 任务 12 执行完毕！
2018-05-30 11:36:20,392 - __init__.py[line:410] - INFO: Running job Every 20 seconds do run_thread(12) (last run: 2018-05-30 11:36:00, next run: 2018-05-30 11:36:20)
2018-05-30 11:36:20,399 - __init__.py[line:410] - INFO: Running job Every 20 seconds do run_thread(12) (last run: 2018-05-30 11:36:00, next run: 2018-05-30 11:36:20)
2018-05-30 11:36:20,415 - taskEngine.py[line:86] - INFO: 任务 12 执行完毕！
2018-05-30 11:36:20,416 - taskEngine.py[line:86] - INFO: 任务 12 执行完毕！
2018-05-30 11:36:40,418 - __init__.py[line:410] - INFO: Running job Every 20 seconds do run_thread(12) (last run: 2018-05-30 11:36:20, next run: 2018-05-30 11:36:40)
2018-05-30 11:36:40,422 - taskEngine.py[line:86] - INFO: 任务 12 执行完毕！
2018-05-30 11:36:43,423 - __init__.py[line:410] - INFO: Running job Every 61 seconds do sms_level_01() (last run: 2018-05-30 11:35:42, next run: 2018-05-30 11:36:43)
2018-05-30 11:39:02,267 - preload.py[line:12] - INFO: 加载系统菜单......
2018-05-30 11:39:02,273 - preload.py[line:15] - INFO: 加载系统代码数据......
2018-05-30 11:39:02,274 - preload.py[line:17] - INFO: 加载字段代码对应数据......
2018-05-30 11:39:02,276 - preload.py[line:19] - INFO: 定时任务模块启动......
2018-05-30 11:39:02,281 - preload.py[line:22] - INFO: 启动策略扫描告警模块......
2018-05-30 11:39:02,291 - preload.py[line:25] - INFO: 定时短信功能启动......
2018-05-30 11:39:22,298 - __init__.py[line:410] - INFO: Running job Every 20 seconds do run_thread(12) (last run: [never], next run: 2018-05-30 11:39:22)
2018-05-30 11:39:22,305 - __init__.py[line:410] - INFO: Running job Every 20 seconds do run_thread(12) (last run: [never], next run: 2018-05-30 11:39:22)
2018-05-30 11:39:22,317 - taskEngine.py[line:86] - INFO: 任务 12 执行完毕！
2018-05-30 11:39:22,318 - taskEngine.py[line:86] - INFO: 任务 12 执行完毕！
2018-05-30 11:39:42,325 - __init__.py[line:410] - INFO: Running job Every 20 seconds do run_thread(12) (last run: 2018-05-30 11:39:22, next run: 2018-05-30 11:39:42)
2018-05-30 11:39:42,332 - __init__.py[line:410] - INFO: Running job Every 20 seconds do run_thread(12) (last run: 2018-05-30 11:39:22, next run: 2018-05-30 11:39:42)
2018-05-30 11:39:42,345 - taskEngine.py[line:86] - INFO: 任务 12 执行完毕！
2018-05-30 11:39:42,353 - taskEngine.py[line:86] - INFO: 任务 12 执行完毕！
2018-05-30 11:40:02,352 - __init__.py[line:410] - INFO: Running job Every 20 seconds do run_thread(12) (last run: 2018-05-30 11:39:42, next run: 2018-05-30 11:40:02)
2018-05-30 11:40:02,356 - __init__.py[line:410] - INFO: Running job Every 20 seconds do run_thread(12) (last run: 2018-05-30 11:39:42, next run: 2018-05-30 11:40:02)
2018-05-30 11:40:02,363 - taskEngine.py[line:86] - INFO: 任务 12 执行完毕！
2018-05-30 11:40:02,370 - taskEngine.py[line:86] - INFO: 任务 12 执行完毕！
2018-05-30 11:40:03,360 - __init__.py[line:410] - INFO: Running job Every 60 seconds do sms_level_01() (last run: [never], next run: 2018-05-30 11:40:03)
2018-05-30 11:40:03,361 - __init__.py[line:410] - INFO: Running job Every 60 seconds do sms_level_01() (last run: [never], next run: 2018-05-30 11:40:03)
2018-05-30 11:40:22,457 - __init__.py[line:410] - INFO: Running job Every 20 seconds do run_thread(12) (last run: 2018-05-30 11:40:02, next run: 2018-05-30 11:40:22)
2018-05-30 11:40:22,472 - taskEngine.py[line:86] - INFO: 任务 12 执行完毕！
2018-05-30 11:40:42,476 - __init__.py[line:410] - INFO: Running job Every 20 seconds do run_thread(12) (last run: 2018-05-30 11:40:22, next run: 2018-05-30 11:40:42)
2018-05-30 11:40:42,480 - taskEngine.py[line:86] - INFO: 任务 12 执行完毕！
2018-05-30 11:41:02,491 - __init__.py[line:410] - INFO: Running job Every 20 seconds do run_thread(12) (last run: 2018-05-30 11:40:42, next run: 2018-05-30 11:41:02)
2018-05-30 11:41:02,504 - taskEngine.py[line:86] - INFO: 任务 12 执行完毕！
2018-05-30 11:41:03,568 - __init__.py[line:410] - INFO: Running job Every 60 seconds do sms_level_01() (last run: 2018-05-30 11:40:03, next run: 2018-05-30 11:41:03)
2018-05-30 11:41:22,513 - __init__.py[line:410] - INFO: Running job Every 20 seconds do run_thread(12) (last run: 2018-05-30 11:41:02, next run: 2018-05-30 11:41:22)
2018-05-30 11:41:22,518 - taskEngine.py[line:86] - INFO: 任务 12 执行完毕！
2018-05-30 11:41:42,531 - __init__.py[line:410] - INFO: Running job Every 20 seconds do run_thread(12) (last run: 2018-05-30 11:41:22, next run: 2018-05-30 11:41:42)
2018-05-30 11:41:42,539 - taskEngine.py[line:86] - INFO: 任务 12 执行完毕！
2018-05-30 11:42:02,548 - __init__.py[line:410] - INFO: Running job Every 20 seconds do run_thread(12) (last run: 2018-05-30 11:41:42, next run: 2018-05-30 11:42:02)
2018-05-30 11:42:02,553 - taskEngine.py[line:86] - INFO: 任务 12 执行完毕！
2018-05-30 11:42:03,727 - __init__.py[line:410] - INFO: Running job Every 60 seconds do sms_level_01() (last run: 2018-05-30 11:41:03, next run: 2018-05-30 11:42:03)
2018-05-30 11:42:22,566 - __init__.py[line:410] - INFO: Running job Every 20 seconds do run_thread(12) (last run: 2018-05-30 11:42:02, next run: 2018-05-30 11:42:22)
2018-05-30 11:42:22,570 - taskEngine.py[line:86] - INFO: 任务 12 执行完毕！
2018-05-30 11:42:42,582 - __init__.py[line:410] - INFO: Running job Every 20 seconds do run_thread(12) (last run: 2018-05-30 11:42:22, next run: 2018-05-30 11:42:42)
2018-05-30 11:42:42,595 - taskEngine.py[line:86] - INFO: 任务 12 执行完毕！
2018-05-30 11:43:02,606 - __init__.py[line:410] - INFO: Running job Every 20 seconds do run_thread(12) (last run: 2018-05-30 11:42:42, next run: 2018-05-30 11:43:02)
2018-05-30 11:43:02,615 - taskEngine.py[line:86] - INFO: 任务 12 执行完毕！
2018-05-30 11:43:03,887 - __init__.py[line:410] - INFO: Running job Every 60 seconds do sms_level_01() (last run: 2018-05-30 11:42:03, next run: 2018-05-30 11:43:03)
2018-05-30 11:43:22,624 - __init__.py[line:410] - INFO: Running job Every 20 seconds do run_thread(12) (last run: 2018-05-30 11:43:02, next run: 2018-05-30 11:43:22)
2018-05-30 11:43:22,636 - taskEngine.py[line:86] - INFO: 任务 12 执行完毕！
2018-05-30 11:43:42,645 - __init__.py[line:410] - INFO: Running job Every 20 seconds do run_thread(12) (last run: 2018-05-30 11:43:22, next run: 2018-05-30 11:43:42)
2018-05-30 11:43:42,653 - taskEngine.py[line:86] - INFO: 任务 12 执行完毕！
2018-05-30 11:44:02,663 - __init__.py[line:410] - INFO: Running job Every 20 seconds do run_thread(12) (last run: 2018-05-30 11:43:42, next run: 2018-05-30 11:44:02)
2018-05-30 11:44:02,676 - taskEngine.py[line:86] - INFO: 任务 12 执行完毕！
2018-05-30 11:44:04,176 - __init__.py[line:410] - INFO: Running job Every 60 seconds do sms_level_01() (last run: 2018-05-30 11:43:04, next run: 2018-05-30 11:44:04)
2018-05-30 11:44:22,683 - __init__.py[line:410] - INFO: Running job Every 20 seconds do run_thread(12) (last run: 2018-05-30 11:44:02, next run: 2018-05-30 11:44:22)
2018-05-30 11:44:22,692 - taskEngine.py[line:86] - INFO: 任务 12 执行完毕！
2018-05-30 11:45:00,827 - preload.py[line:12] - INFO: 加载系统菜单......
2018-05-30 11:45:00,833 - preload.py[line:15] - INFO: 加载系统代码数据......
2018-05-30 11:45:00,835 - preload.py[line:17] - INFO: 加载字段代码对应数据......
2018-05-30 11:45:00,836 - preload.py[line:19] - INFO: 定时任务模块启动......
2018-05-30 11:45:00,841 - preload.py[line:22] - INFO: 启动策略扫描告警模块......
2018-05-30 11:45:00,845 - preload.py[line:25] - INFO: 定时短信功能启动......
2018-05-30 11:45:20,857 - __init__.py[line:410] - INFO: Running job Every 20 seconds do run_thread(12) (last run: [never], next run: 2018-05-30 11:45:20)
2018-05-30 11:45:20,857 - __init__.py[line:410] - INFO: Running job Every 20 seconds do run_thread(12) (last run: [never], next run: 2018-05-30 11:45:20)
2018-05-30 11:45:20,880 - taskEngine.py[line:86] - INFO: 任务 12 执行完毕！
2018-05-30 11:45:20,881 - taskEngine.py[line:86] - INFO: 任务 12 执行完毕！
2018-05-30 11:45:40,882 - __init__.py[line:410] - INFO: Running job Every 20 seconds do run_thread(12) (last run: 2018-05-30 11:45:20, next run: 2018-05-30 11:45:40)
2018-05-30 11:45:40,886 - __init__.py[line:410] - INFO: Running job Every 20 seconds do run_thread(12) (last run: 2018-05-30 11:45:20, next run: 2018-05-30 11:45:40)
2018-05-30 11:45:40,896 - taskEngine.py[line:86] - INFO: 任务 12 执行完毕！
2018-05-30 11:45:40,897 - taskEngine.py[line:86] - INFO: 任务 12 执行完毕！
2018-05-30 11:46:00,903 - __init__.py[line:410] - INFO: Running job Every 20 seconds do run_thread(12) (last run: 2018-05-30 11:45:40, next run: 2018-05-30 11:46:00)
2018-05-30 11:46:00,909 - __init__.py[line:410] - INFO: Running job Every 20 seconds do run_thread(12) (last run: 2018-05-30 11:45:40, next run: 2018-05-30 11:46:00)
2018-05-30 11:46:00,925 - taskEngine.py[line:86] - INFO: 任务 12 执行完毕！
2018-05-30 11:46:00,926 - taskEngine.py[line:86] - INFO: 任务 12 执行完毕！
2018-05-30 11:46:01,917 - __init__.py[line:410] - INFO: Running job Every 60 seconds do sms_level_01() (last run: [never], next run: 2018-05-30 11:46:01)
2018-05-30 11:46:01,918 - __init__.py[line:410] - INFO: Running job Every 60 seconds do sms_level_01() (last run: [never], next run: 2018-05-30 11:46:01)
2018-05-30 11:46:21,006 - __init__.py[line:410] - INFO: Running job Every 20 seconds do run_thread(12) (last run: 2018-05-30 11:46:00, next run: 2018-05-30 11:46:20)
2018-05-30 11:46:21,020 - taskEngine.py[line:86] - INFO: 任务 12 执行完毕！
2018-05-30 12:26:25,290 - preload.py[line:12] - INFO: 加载系统菜单......
2018-05-30 12:26:25,296 - preload.py[line:15] - INFO: 加载系统代码数据......
2018-05-30 12:26:25,297 - preload.py[line:17] - INFO: 加载字段代码对应数据......
2018-05-30 12:26:25,299 - preload.py[line:19] - INFO: 定时任务模块启动......
2018-05-30 12:26:25,303 - preload.py[line:24] - INFO: 定时短信功能启动......
2018-05-30 12:26:25,307 - preload.py[line:27] - INFO: 启动策略扫描告警模块......
2018-05-30 12:26:45,320 - __init__.py[line:410] - INFO: Running job Every 20 seconds do run_thread(12) (last run: [never], next run: 2018-05-30 12:26:45)
2018-05-30 12:26:45,321 - __init__.py[line:410] - INFO: Running job Every 20 seconds do run_thread(12) (last run: [never], next run: 2018-05-30 12:26:45)
2018-05-30 12:26:45,345 - taskEngine.py[line:86] - INFO: 任务 12 执行完毕！
2018-05-30 12:26:45,362 - taskEngine.py[line:86] - INFO: 任务 12 执行完毕！
2018-05-30 12:27:05,351 - __init__.py[line:410] - INFO: Running job Every 20 seconds do run_thread(12) (last run: 2018-05-30 12:26:45, next run: 2018-05-30 12:27:05)
2018-05-30 12:27:05,356 - taskEngine.py[line:86] - INFO: 任务 12 执行完毕！
2018-05-30 12:27:25,367 - __init__.py[line:410] - INFO: Running job Every 20 seconds do run_thread(12) (last run: 2018-05-30 12:27:05, next run: 2018-05-30 12:27:25)
2018-05-30 12:27:25,371 - __init__.py[line:410] - INFO: Running job Every 20 seconds do run_thread(12) (last run: 2018-05-30 12:27:05, next run: 2018-05-30 12:27:25)
2018-05-30 12:27:25,380 - taskEngine.py[line:86] - INFO: 任务 12 执行完毕！
2018-05-30 12:27:25,391 - taskEngine.py[line:86] - INFO: 任务 12 执行完毕！
2018-05-30 12:27:26,374 - __init__.py[line:410] - INFO: Running job Every 60 seconds do sms_level_01() (last run: [never], next run: 2018-05-30 12:27:26)
2018-05-30 12:27:26,379 - __init__.py[line:410] - INFO: Running job Every 60 seconds do sms_level_01() (last run: [never], next run: 2018-05-30 12:27:26)
2018-05-30 14:21:15,695 - preload.py[line:12] - INFO: 加载系统菜单......
2018-05-30 14:21:15,701 - preload.py[line:15] - INFO: 加载系统代码数据......
2018-05-30 14:21:15,703 - preload.py[line:17] - INFO: 加载字段代码对应数据......
2018-05-30 14:21:15,705 - preload.py[line:19] - INFO: 定时任务模块启动......
2018-05-30 14:21:15,709 - preload.py[line:22] - INFO: 启动策略扫描告警模块......
2018-05-30 14:21:15,713 - preload.py[line:26] - INFO: 定时短信功能启动......
2018-05-30 14:21:35,724 - __init__.py[line:410] - INFO: Running job Every 20 seconds do run_thread(12) (last run: [never], next run: 2018-05-30 14:21:35)
2018-05-30 14:21:35,732 - __init__.py[line:410] - INFO: Running job Every 20 seconds do run_thread(12) (last run: [never], next run: 2018-05-30 14:21:35)
2018-05-30 14:21:35,755 - taskEngine.py[line:86] - INFO: 任务 12 执行完毕！
2018-05-30 14:21:35,756 - taskEngine.py[line:86] - INFO: 任务 12 执行完毕！
2018-05-30 14:21:55,756 - __init__.py[line:410] - INFO: Running job Every 20 seconds do run_thread(12) (last run: 2018-05-30 14:21:35, next run: 2018-05-30 14:21:55)
2018-05-30 14:21:55,760 - __init__.py[line:410] - INFO: Running job Every 20 seconds do run_thread(12) (last run: 2018-05-30 14:21:35, next run: 2018-05-30 14:21:55)
2018-05-30 14:21:55,768 - taskEngine.py[line:86] - INFO: 任务 12 执行完毕！
2018-05-30 14:21:55,769 - taskEngine.py[line:86] - INFO: 任务 12 执行完毕！
2018-05-30 14:22:15,777 - __init__.py[line:410] - INFO: Running job Every 20 seconds do run_thread(12) (last run: 2018-05-30 14:21:55, next run: 2018-05-30 14:22:15)
2018-05-30 14:22:15,784 - __init__.py[line:410] - INFO: Running job Every 20 seconds do run_thread(12) (last run: 2018-05-30 14:21:55, next run: 2018-05-30 14:22:15)
2018-05-30 14:22:15,798 - taskEngine.py[line:86] - INFO: 任务 12 执行完毕！
2018-05-30 14:22:15,814 - taskEngine.py[line:86] - INFO: 任务 12 执行完毕！
2018-05-30 14:22:16,791 - __init__.py[line:410] - INFO: Running job Every 60 seconds do sms_level_01() (last run: [never], next run: 2018-05-30 14:22:16)
2018-05-30 14:22:16,794 - __init__.py[line:410] - INFO: Running job Every 60 seconds do sms_level_01() (last run: [never], next run: 2018-05-30 14:22:16)
2018-05-30 14:22:35,908 - __init__.py[line:410] - INFO: Running job Every 20 seconds do run_thread(12) (last run: 2018-05-30 14:22:15, next run: 2018-05-30 14:22:35)
2018-05-30 14:22:35,921 - taskEngine.py[line:86] - INFO: 任务 12 执行完毕！
2018-05-30 14:22:55,927 - __init__.py[line:410] - INFO: Running job Every 20 seconds do run_thread(12) (last run: 2018-05-30 14:22:35, next run: 2018-05-30 14:22:55)
2018-05-30 14:22:55,934 - taskEngine.py[line:86] - INFO: 任务 12 执行完毕！
2018-05-30 14:23:15,946 - __init__.py[line:410] - INFO: Running job Every 20 seconds do run_thread(12) (last run: 2018-05-30 14:22:55, next run: 2018-05-30 14:23:15)
2018-05-30 14:23:15,956 - taskEngine.py[line:86] - INFO: 任务 12 执行完毕！
2018-05-30 14:23:17,033 - __init__.py[line:410] - INFO: Running job Every 60 seconds do sms_level_01() (last run: 2018-05-30 14:22:16, next run: 2018-05-30 14:23:16)
2018-05-30 14:23:39,627 - preload.py[line:12] - INFO: 加载系统菜单......
2018-05-30 14:23:39,632 - preload.py[line:15] - INFO: 加载系统代码数据......
2018-05-30 14:23:39,634 - preload.py[line:17] - INFO: 加载字段代码对应数据......
2018-05-30 14:23:39,636 - preload.py[line:20] - INFO: 启动策略扫描告警模块......
2018-05-30 14:23:39,641 - preload.py[line:24] - INFO: 定时短信功能启动......
2018-05-30 14:23:39,641 - preload.py[line:28] - INFO: 定时任务模块启动......
2018-05-30 14:23:59,653 - __init__.py[line:410] - INFO: Running job Every 20 seconds do run_thread(12) (last run: [never], next run: 2018-05-30 14:23:59)
2018-05-30 14:23:59,661 - __init__.py[line:410] - INFO: Running job Every 20 seconds do run_thread(12) (last run: [never], next run: 2018-05-30 14:23:59)
2018-05-30 14:23:59,679 - taskEngine.py[line:86] - INFO: 任务 12 执行完毕！
2018-05-30 14:23:59,681 - taskEngine.py[line:86] - INFO: 任务 12 执行完毕！
2018-05-30 14:24:19,680 - __init__.py[line:410] - INFO: Running job Every 20 seconds do run_thread(12) (last run: 2018-05-30 14:23:59, next run: 2018-05-30 14:24:19)
2018-05-30 14:24:19,685 - taskEngine.py[line:86] - INFO: 任务 12 执行完毕！
2018-05-30 14:24:39,696 - __init__.py[line:410] - INFO: Running job Every 20 seconds do run_thread(12) (last run: 2018-05-30 14:24:19, next run: 2018-05-30 14:24:39)
2018-05-30 14:24:39,701 - __init__.py[line:410] - INFO: Running job Every 20 seconds do run_thread(12) (last run: 2018-05-30 14:24:19, next run: 2018-05-30 14:24:39)
2018-05-30 14:24:39,717 - taskEngine.py[line:86] - INFO: 任务 12 执行完毕！
2018-05-30 14:24:39,719 - taskEngine.py[line:86] - INFO: 任务 12 执行完毕！
2018-05-30 14:24:40,710 - __init__.py[line:410] - INFO: Running job Every 60 seconds do sms_level_01() (last run: [never], next run: 2018-05-30 14:24:40)
2018-05-30 14:24:40,712 - __init__.py[line:410] - INFO: Running job Every 60 seconds do sms_level_01() (last run: [never], next run: 2018-05-30 14:24:40)
2018-05-30 14:25:01,290 - preload.py[line:12] - INFO: 加载系统菜单......
2018-05-30 14:25:01,298 - preload.py[line:15] - INFO: 加载系统代码数据......
2018-05-30 14:25:01,299 - preload.py[line:17] - INFO: 加载字段代码对应数据......
2018-05-30 14:25:01,301 - preload.py[line:19] - INFO: 定时任务模块启动......
2018-05-30 14:25:01,306 - preload.py[line:22] - INFO: 启动策略扫描告警模块......
2018-05-30 14:25:01,309 - preload.py[line:25] - INFO: 定时短信功能启动......
2018-05-30 14:25:05,142 - preload.py[line:12] - INFO: 加载系统菜单......
2018-05-30 14:25:05,149 - preload.py[line:15] - INFO: 加载系统代码数据......
2018-05-30 14:25:05,150 - preload.py[line:17] - INFO: 加载字段代码对应数据......
2018-05-30 14:25:05,153 - preload.py[line:19] - INFO: 定时任务模块启动......
2018-05-30 14:25:05,158 - preload.py[line:22] - INFO: 启动策略扫描告警模块......
2018-05-30 14:25:05,162 - preload.py[line:25] - INFO: 定时短信功能启动......
2018-05-30 14:26:51,981 - preload.py[line:12] - INFO: 加载系统菜单......
2018-05-30 14:26:51,988 - preload.py[line:15] - INFO: 加载系统代码数据......
2018-05-30 14:26:51,989 - preload.py[line:17] - INFO: 加载字段代码对应数据......
2018-05-30 14:26:51,991 - preload.py[line:19] - INFO: 定时任务模块启动......
2018-05-30 14:26:51,996 - preload.py[line:22] - INFO: 启动策略扫描告警模块......
2018-05-30 14:26:52,007 - preload.py[line:25] - INFO: 定时短信功能启动......
2018-05-30 14:27:12,010 - __init__.py[line:410] - INFO: Running job Every 20 seconds do run_thread(12) (last run: [never], next run: 2018-05-30 14:27:11)
2018-05-30 14:27:12,019 - __init__.py[line:410] - INFO: Running job Every 20 seconds do run_thread(12) (last run: [never], next run: 2018-05-30 14:27:11)
2018-05-30 14:27:12,040 - taskEngine.py[line:86] - INFO: 任务 12 执行完毕！
2018-05-30 14:27:12,041 - taskEngine.py[line:86] - INFO: 任务 12 执行完毕！
2018-05-30 14:29:09,556 - preload.py[line:12] - INFO: 加载系统菜单......
2018-05-30 14:29:09,563 - preload.py[line:15] - INFO: 加载系统代码数据......
2018-05-30 14:29:09,564 - preload.py[line:17] - INFO: 加载字段代码对应数据......
2018-05-30 14:29:09,566 - preload.py[line:19] - INFO: 定时任务模块启动......
2018-05-30 14:29:09,570 - preload.py[line:22] - INFO: 启动策略扫描告警模块......
2018-05-30 14:29:09,580 - preload.py[line:25] - INFO: 定时短信功能启动......
2018-05-30 14:29:29,587 - __init__.py[line:410] - INFO: Running job Every 20 seconds do run_thread(12) (last run: [never], next run: 2018-05-30 14:29:29)
2018-05-30 14:29:29,595 - __init__.py[line:410] - INFO: Running job Every 20 seconds do run_thread(12) (last run: [never], next run: 2018-05-30 14:29:29)
2018-05-30 14:29:29,613 - taskEngine.py[line:86] - INFO: 任务 12 执行完毕！
2018-05-30 14:29:29,629 - taskEngine.py[line:86] - INFO: 任务 12 执行完毕！
2018-05-30 14:32:15,579 - preload.py[line:12] - INFO: 加载系统菜单......
2018-05-30 14:32:15,585 - preload.py[line:15] - INFO: 加载系统代码数据......
2018-05-30 14:32:15,587 - preload.py[line:17] - INFO: 加载字段代码对应数据......
2018-05-30 14:32:15,589 - preload.py[line:19] - INFO: 定时任务模块启动......
2018-05-30 14:32:35,610 - __init__.py[line:410] - INFO: Running job Every 20 seconds do run_thread(12) (last run: [never], next run: 2018-05-30 14:32:35)
2018-05-30 14:32:35,630 - taskEngine.py[line:86] - INFO: 任务 12 执行完毕！
2018-05-30 14:32:55,634 - __init__.py[line:410] - INFO: Running job Every 20 seconds do run_thread(12) (last run: 2018-05-30 14:32:35, next run: 2018-05-30 14:32:55)
2018-05-30 14:32:55,649 - taskEngine.py[line:86] - INFO: 任务 12 执行完毕！
2018-05-30 14:33:15,655 - __init__.py[line:410] - INFO: Running job Every 20 seconds do run_thread(12) (last run: 2018-05-30 14:32:55, next run: 2018-05-30 14:33:15)
2018-05-30 14:33:15,659 - taskEngine.py[line:86] - INFO: 任务 12 执行完毕！
2018-05-30 14:34:06,144 - preload.py[line:12] - INFO: 加载系统菜单......
2018-05-30 14:34:06,150 - preload.py[line:15] - INFO: 加载系统代码数据......
2018-05-30 14:34:06,152 - preload.py[line:17] - INFO: 加载字段代码对应数据......
2018-05-30 14:34:06,154 - preload.py[line:19] - INFO: 定时任务模块启动......
2018-05-30 14:34:06,159 - preload.py[line:22] - INFO: 启动策略扫描告警模块......
2018-05-30 14:34:26,175 - __init__.py[line:410] - INFO: Running job Every 20 seconds do run_thread(12) (last run: [never], next run: 2018-05-30 14:34:26)
2018-05-30 14:34:26,196 - taskEngine.py[line:86] - INFO: 任务 12 执行完毕！
2018-05-30 14:34:46,199 - __init__.py[line:410] - INFO: Running job Every 20 seconds do run_thread(12) (last run: 2018-05-30 14:34:26, next run: 2018-05-30 14:34:46)
2018-05-30 14:34:46,204 - taskEngine.py[line:86] - INFO: 任务 12 执行完毕！
2018-05-30 14:35:06,215 - __init__.py[line:410] - INFO: Running job Every 20 seconds do run_thread(12) (last run: 2018-05-30 14:34:46, next run: 2018-05-30 14:35:06)
2018-05-30 14:35:06,227 - taskEngine.py[line:86] - INFO: 任务 12 执行完毕！
2018-05-30 14:41:28,648 - preload.py[line:12] - INFO: 加载系统菜单......
2018-05-30 14:41:28,654 - preload.py[line:15] - INFO: 加载系统代码数据......
2018-05-30 14:41:28,656 - preload.py[line:17] - INFO: 加载字段代码对应数据......
2018-05-30 14:41:28,658 - preload.py[line:19] - INFO: 定时任务模块启动......
2018-05-30 14:41:28,663 - preload.py[line:22] - INFO: 启动策略扫描告警模块......
2018-05-30 14:41:28,674 - preload.py[line:25] - INFO: 定时短信功能启动......
2018-05-30 14:41:48,679 - __init__.py[line:410] - INFO: Running job Every 20 seconds do run_thread(12) (last run: [never], next run: 2018-05-30 14:41:48)
2018-05-30 14:41:48,696 - taskEngine.py[line:86] - INFO: 任务 12 执行完毕！
2018-05-30 14:42:08,700 - __init__.py[line:410] - INFO: Running job Every 20 seconds do run_thread(12) (last run: 2018-05-30 14:41:48, next run: 2018-05-30 14:42:08)
2018-05-30 14:42:08,701 - __init__.py[line:410] - INFO: Running job Every 20 seconds do run_thread(12) (last run: 2018-05-30 14:41:48, next run: 2018-05-30 14:42:08)
2018-05-30 14:42:08,723 - taskEngine.py[line:86] - INFO: 任务 12 执行完毕！
2018-05-30 14:42:08,723 - taskEngine.py[line:86] - INFO: 任务 12 执行完毕！
2018-05-30 14:42:28,729 - __init__.py[line:410] - INFO: Running job Every 20 seconds do run_thread(12) (last run: 2018-05-30 14:42:08, next run: 2018-05-30 14:42:28)
2018-05-30 14:42:28,730 - __init__.py[line:410] - INFO: Running job Every 20 seconds do run_thread(12) (last run: 2018-05-30 14:42:08, next run: 2018-05-30 14:42:28)
2018-05-30 14:42:28,753 - taskEngine.py[line:86] - INFO: 任务 12 执行完毕！
2018-05-30 14:42:28,754 - taskEngine.py[line:86] - INFO: 任务 12 执行完毕！
2018-05-30 14:42:29,746 - __init__.py[line:410] - INFO: Running job Every 60 seconds do sms_level_01() (last run: [never], next run: 2018-05-30 14:42:29)
2018-05-30 14:42:29,747 - __init__.py[line:410] - INFO: Running job Every 60 seconds do sms_level_01() (last run: [never], next run: 2018-05-30 14:42:29)
2018-05-30 14:42:48,763 - __init__.py[line:410] - INFO: Running job Every 20 seconds do run_thread(12) (last run: 2018-05-30 14:42:28, next run: 2018-05-30 14:42:48)
2018-05-30 14:42:48,763 - __init__.py[line:410] - INFO: Running job Every 20 seconds do run_thread(12) (last run: 2018-05-30 14:42:28, next run: 2018-05-30 14:42:48)
2018-05-30 14:42:48,784 - taskEngine.py[line:86] - INFO: 任务 12 执行完毕！
2018-05-30 14:42:48,786 - taskEngine.py[line:86] - INFO: 任务 12 执行完毕！
2018-05-30 14:43:08,788 - __init__.py[line:410] - INFO: Running job Every 20 seconds do run_thread(12) (last run: 2018-05-30 14:42:48, next run: 2018-05-30 14:43:08)
2018-05-30 14:43:08,793 - __init__.py[line:410] - INFO: Running job Every 20 seconds do run_thread(12) (last run: 2018-05-30 14:42:48, next run: 2018-05-30 14:43:08)
2018-05-30 14:43:08,806 - taskEngine.py[line:86] - INFO: 任务 12 执行完毕！
2018-05-30 14:43:08,808 - taskEngine.py[line:86] - INFO: 任务 12 执行完毕！
2018-05-30 14:47:39,636 - preload.py[line:12] - INFO: 加载系统菜单......
2018-05-30 14:47:39,644 - preload.py[line:15] - INFO: 加载系统代码数据......
2018-05-30 14:47:39,645 - preload.py[line:17] - INFO: 加载字段代码对应数据......
2018-05-30 14:47:39,647 - preload.py[line:19] - INFO: 定时任务模块启动......
2018-05-30 14:47:39,651 - preload.py[line:22] - INFO: 启动策略扫描告警模块......
2018-05-30 14:47:39,655 - preload.py[line:25] - INFO: 定时短信功能启动......
2018-05-30 14:47:59,666 - __init__.py[line:410] - INFO: Running job Every 20 seconds do run_thread(12) (last run: [never], next run: 2018-05-30 14:47:59)
2018-05-30 14:47:59,668 - __init__.py[line:410] - INFO: Running job Every 20 seconds do run_thread(12) (last run: [never], next run: 2018-05-30 14:47:59)
2018-05-30 14:47:59,674 - __init__.py[line:410] - INFO: Running job Every 20 seconds do run_thread(12) (last run: [never], next run: 2018-05-30 14:47:59)
2018-05-30 14:47:59,701 - taskEngine.py[line:86] - INFO: 任务 12 执行完毕！
2018-05-30 14:47:59,702 - taskEngine.py[line:86] - INFO: 任务 12 执行完毕！
2018-05-30 14:47:59,716 - taskEngine.py[line:86] - INFO: 任务 12 执行完毕！
2018-05-30 14:50:47,306 - preload.py[line:12] - INFO: 加载系统菜单......
2018-05-30 14:50:47,312 - preload.py[line:15] - INFO: 加载系统代码数据......
2018-05-30 14:50:47,314 - preload.py[line:17] - INFO: 加载字段代码对应数据......
2018-05-30 14:50:47,316 - preload.py[line:19] - INFO: 定时任务模块启动......
2018-05-30 14:50:47,323 - preload.py[line:22] - INFO: 启动策略扫描告警模块......
2018-05-30 14:50:47,334 - preload.py[line:25] - INFO: 定时短信功能启动......
2018-05-30 14:50:56,844 - preload.py[line:12] - INFO: 加载系统菜单......
2018-05-30 14:50:56,851 - preload.py[line:15] - INFO: 加载系统代码数据......
2018-05-30 14:50:56,853 - preload.py[line:17] - INFO: 加载字段代码对应数据......
2018-05-30 14:50:56,855 - preload.py[line:19] - INFO: 定时任务模块启动......
2018-05-30 14:50:56,858 - preload.py[line:22] - INFO: 启动策略扫描告警模块......
2018-05-30 14:50:56,861 - preload.py[line:25] - INFO: 定时短信功能启动......
2018-05-30 14:52:32,534 - preload.py[line:12] - INFO: 加载系统菜单......
2018-05-30 14:52:32,540 - preload.py[line:15] - INFO: 加载系统代码数据......
2018-05-30 14:52:32,541 - preload.py[line:17] - INFO: 加载字段代码对应数据......
2018-05-30 14:52:32,543 - preload.py[line:19] - INFO: 定时任务模块启动......
2018-05-30 14:52:32,547 - preload.py[line:22] - INFO: 启动策略扫描告警模块......
2018-05-30 14:52:32,550 - preload.py[line:25] - INFO: 定时短信功能启动......
2018-05-30 14:52:52,549 - __init__.py[line:410] - INFO: Running job Every 20 seconds do run_thread(12) (last run: [never], next run: 2018-05-30 14:52:52)
2018-05-30 14:52:52,591 - taskEngine.py[line:86] - INFO: 任务 12 执行完毕！
2018-05-30 14:53:12,557 - __init__.py[line:410] - INFO: Running job Every 20 seconds do run_thread(12) (last run: 2018-05-30 14:52:52, next run: 2018-05-30 14:53:12)
2018-05-30 14:53:12,606 - taskEngine.py[line:86] - INFO: 任务 12 执行完毕！
2018-05-30 14:53:32,551 - __init__.py[line:410] - INFO: Running job Every 60 seconds do sms_level_01() (last run: [never], next run: 2018-05-30 14:53:32)
2018-05-30 14:53:32,559 - __init__.py[line:410] - INFO: Running job Every 20 seconds do run_thread(12) (last run: 2018-05-30 14:53:12, next run: 2018-05-30 14:53:32)
2018-05-30 14:53:32,615 - taskEngine.py[line:86] - INFO: 任务 12 执行完毕！
2018-05-30 14:53:52,562 - __init__.py[line:410] - INFO: Running job Every 20 seconds do run_thread(12) (last run: 2018-05-30 14:53:32, next run: 2018-05-30 14:53:52)
2018-05-30 14:53:52,592 - taskEngine.py[line:86] - INFO: 任务 12 执行完毕！
2018-05-30 14:54:12,564 - __init__.py[line:410] - INFO: Running job Every 20 seconds do run_thread(12) (last run: 2018-05-30 14:53:52, next run: 2018-05-30 14:54:12)
2018-05-30 14:54:12,607 - taskEngine.py[line:86] - INFO: 任务 12 执行完毕！
2018-05-30 14:54:32,552 - __init__.py[line:410] - INFO: Running job Every 60 seconds do sms_level_01() (last run: 2018-05-30 14:53:32, next run: 2018-05-30 14:54:32)
2018-05-30 14:54:32,568 - __init__.py[line:410] - INFO: Running job Every 20 seconds do run_thread(12) (last run: 2018-05-30 14:54:12, next run: 2018-05-30 14:54:32)
2018-05-30 14:54:32,647 - taskEngine.py[line:86] - INFO: 任务 12 执行完毕！
2018-05-30 15:00:03,758 - preload.py[line:12] - INFO: 加载系统菜单......
2018-05-30 15:00:03,763 - preload.py[line:15] - INFO: 加载系统代码数据......
2018-05-30 15:00:03,765 - preload.py[line:17] - INFO: 加载字段代码对应数据......
2018-05-30 15:00:03,767 - preload.py[line:19] - INFO: 定时任务模块启动......
2018-05-30 15:00:03,775 - preload.py[line:22] - INFO: 启动策略扫描告警模块......
2018-05-30 15:00:03,783 - preload.py[line:25] - INFO: 定时短信功能启动......
2018-05-30 15:00:23,775 - __init__.py[line:410] - INFO: Running job Every 20 seconds do run_thread(12) (last run: [never], next run: 2018-05-30 15:00:23)
2018-05-30 15:00:23,835 - taskEngine.py[line:86] - INFO: 任务 12 执行完毕！
2018-05-30 15:00:43,778 - __init__.py[line:410] - INFO: Running job Every 20 seconds do run_thread(12) (last run: 2018-05-30 15:00:23, next run: 2018-05-30 15:00:43)
2018-05-30 15:00:43,815 - taskEngine.py[line:86] - INFO: 任务 12 执行完毕！
2018-05-30 15:01:03,781 - __init__.py[line:410] - INFO: Running job Every 20 seconds do run_thread(12) (last run: 2018-05-30 15:00:43, next run: 2018-05-30 15:01:03)
2018-05-30 15:01:03,785 - __init__.py[line:410] - INFO: Running job Every 60 seconds do sms_level_01() (last run: [never], next run: 2018-05-30 15:01:03)
2018-05-30 15:01:03,826 - taskEngine.py[line:86] - INFO: 任务 12 执行完毕！
2018-05-30 15:01:23,783 - __init__.py[line:410] - INFO: Running job Every 20 seconds do run_thread(12) (last run: 2018-05-30 15:01:03, next run: 2018-05-30 15:01:23)
2018-05-30 15:01:23,838 - taskEngine.py[line:86] - INFO: 任务 12 执行完毕！
2018-05-30 15:01:43,787 - __init__.py[line:410] - INFO: Running job Every 20 seconds do run_thread(12) (last run: 2018-05-30 15:01:23, next run: 2018-05-30 15:01:43)
2018-05-30 15:01:43,842 - taskEngine.py[line:86] - INFO: 任务 12 执行完毕！
2018-05-30 15:02:03,786 - __init__.py[line:410] - INFO: Running job Every 60 seconds do sms_level_01() (last run: 2018-05-30 15:01:03, next run: 2018-05-30 15:02:03)
2018-05-30 15:02:03,789 - __init__.py[line:410] - INFO: Running job Every 20 seconds do run_thread(12) (last run: 2018-05-30 15:01:43, next run: 2018-05-30 15:02:03)
2018-05-30 15:02:03,826 - taskEngine.py[line:86] - INFO: 任务 12 执行完毕！
2018-05-30 15:02:23,792 - __init__.py[line:410] - INFO: Running job Every 20 seconds do run_thread(12) (last run: 2018-05-30 15:02:03, next run: 2018-05-30 15:02:23)
2018-05-30 15:02:23,818 - taskEngine.py[line:86] - INFO: 任务 12 执行完毕！
2018-05-30 15:02:43,794 - __init__.py[line:410] - INFO: Running job Every 20 seconds do run_thread(12) (last run: 2018-05-30 15:02:23, next run: 2018-05-30 15:02:43)
2018-05-30 15:02:43,831 - taskEngine.py[line:86] - INFO: 任务 12 执行完毕！
2018-05-30 15:08:13,756 - preload.py[line:12] - INFO: 加载系统菜单......
2018-05-30 15:08:13,763 - preload.py[line:15] - INFO: 加载系统代码数据......
2018-05-30 15:08:13,765 - preload.py[line:17] - INFO: 加载字段代码对应数据......
2018-05-30 15:08:13,768 - preload.py[line:19] - INFO: 定时任务模块启动......
2018-05-30 15:08:13,777 - preload.py[line:22] - INFO: 启动策略扫描告警模块......
2018-05-30 15:08:13,789 - preload.py[line:25] - INFO: 定时短信功能启动......
2018-05-30 15:08:33,777 - __init__.py[line:410] - INFO: Running job Every 20 seconds do run_thread(12) (last run: [never], next run: 2018-05-30 15:08:33)
2018-05-30 15:08:33,817 - taskEngine.py[line:86] - INFO: 任务 12 执行完毕！
2018-05-30 15:08:53,784 - __init__.py[line:410] - INFO: Running job Every 20 seconds do run_thread(12) (last run: 2018-05-30 15:08:33, next run: 2018-05-30 15:08:53)
2018-05-30 15:08:53,832 - taskEngine.py[line:86] - INFO: 任务 12 执行完毕！
2018-05-30 15:09:13,786 - __init__.py[line:410] - INFO: Running job Every 20 seconds do run_thread(12) (last run: 2018-05-30 15:08:53, next run: 2018-05-30 15:09:13)
2018-05-30 15:09:13,789 - __init__.py[line:410] - INFO: Running job Every 60 seconds do sms_level_01() (last run: [never], next run: 2018-05-30 15:09:13)
2018-05-30 15:09:13,791 - taskEngine.py[line:86] - INFO: 任务 12 执行完毕！
2018-05-30 15:09:33,790 - __init__.py[line:410] - INFO: Running job Every 20 seconds do run_thread(12) (last run: 2018-05-30 15:09:13, next run: 2018-05-30 15:09:33)
2018-05-30 15:09:33,850 - taskEngine.py[line:86] - INFO: 任务 12 执行完毕！
2018-05-30 15:09:53,792 - __init__.py[line:410] - INFO: Running job Every 20 seconds do run_thread(12) (last run: 2018-05-30 15:09:33, next run: 2018-05-30 15:09:53)
2018-05-30 15:09:53,829 - taskEngine.py[line:86] - INFO: 任务 12 执行完毕！
2018-05-30 15:10:05,019 - preload.py[line:12] - INFO: 加载系统菜单......
2018-05-30 15:10:05,025 - preload.py[line:15] - INFO: 加载系统代码数据......
2018-05-30 15:10:05,027 - preload.py[line:17] - INFO: 加载字段代码对应数据......
2018-05-30 15:10:05,029 - preload.py[line:19] - INFO: 定时任务模块启动......
2018-05-30 15:10:05,032 - preload.py[line:22] - INFO: 启动策略扫描告警模块......
2018-05-30 15:10:05,040 - preload.py[line:25] - INFO: 定时短信功能启动......
2018-05-30 15:10:25,032 - __init__.py[line:410] - INFO: Running job Every 20 seconds do run_thread(12) (last run: [never], next run: 2018-05-30 15:10:25)
2018-05-30 15:10:25,097 - taskEngine.py[line:86] - INFO: 任务 12 执行完毕！
2018-05-30 15:10:45,037 - __init__.py[line:410] - INFO: Running job Every 20 seconds do run_thread(12) (last run: 2018-05-30 15:10:25, next run: 2018-05-30 15:10:45)
2018-05-30 15:10:45,068 - taskEngine.py[line:86] - INFO: 任务 12 执行完毕！
2018-05-30 15:11:05,039 - __init__.py[line:410] - INFO: Running job Every 20 seconds do run_thread(12) (last run: 2018-05-30 15:10:45, next run: 2018-05-30 15:11:05)
2018-05-30 15:11:05,077 - taskEngine.py[line:86] - INFO: 任务 12 执行完毕！
2018-05-30 15:11:06,042 - __init__.py[line:410] - INFO: Running job Every 60 seconds do sms_level_01() (last run: [never], next run: 2018-05-30 15:11:06)
2018-05-30 15:11:25,042 - __init__.py[line:410] - INFO: Running job Every 20 seconds do run_thread(12) (last run: 2018-05-30 15:11:05, next run: 2018-05-30 15:11:25)
2018-05-30 15:11:25,092 - taskEngine.py[line:86] - INFO: 任务 12 执行完毕！
2018-05-30 15:11:45,044 - __init__.py[line:410] - INFO: Running job Every 20 seconds do run_thread(12) (last run: 2018-05-30 15:11:25, next run: 2018-05-30 15:11:45)
2018-05-30 15:11:45,082 - taskEngine.py[line:86] - INFO: 任务 12 执行完毕！
2018-05-30 15:12:46,903 - preload.py[line:12] - INFO: 加载系统菜单......
2018-05-30 15:12:46,910 - preload.py[line:15] - INFO: 加载系统代码数据......
2018-05-30 15:12:46,912 - preload.py[line:17] - INFO: 加载字段代码对应数据......
2018-05-30 15:12:46,914 - preload.py[line:19] - INFO: 定时任务模块启动......
2018-05-30 15:12:46,917 - preload.py[line:22] - INFO: 启动策略扫描告警模块......
2018-05-30 15:12:46,926 - preload.py[line:25] - INFO: 定时短信功能启动......
2018-05-30 15:13:06,918 - __init__.py[line:410] - INFO: Running job Every 20 seconds do run_thread(12) (last run: [never], next run: 2018-05-30 15:13:06)
2018-05-30 15:13:06,959 - taskEngine.py[line:86] - INFO: 任务 12 执行完毕！
2018-05-30 15:13:26,923 - __init__.py[line:410] - INFO: Running job Every 20 seconds do run_thread(12) (last run: 2018-05-30 15:13:06, next run: 2018-05-30 15:13:26)
2018-05-30 15:13:26,983 - taskEngine.py[line:86] - INFO: 任务 12 执行完毕！
2018-05-30 15:13:46,926 - __init__.py[line:410] - INFO: Running job Every 20 seconds do run_thread(12) (last run: 2018-05-30 15:13:26, next run: 2018-05-30 15:13:46)
2018-05-30 15:13:46,958 - taskEngine.py[line:86] - INFO: 任务 12 执行完毕！
2018-05-30 15:13:47,928 - __init__.py[line:410] - INFO: Running job Every 60 seconds do sms_level_01() (last run: [never], next run: 2018-05-30 15:13:47)
2018-05-30 15:14:06,928 - __init__.py[line:410] - INFO: Running job Every 20 seconds do run_thread(12) (last run: 2018-05-30 15:13:46, next run: 2018-05-30 15:14:06)
2018-05-30 15:14:07,012 - taskEngine.py[line:86] - INFO: 任务 12 执行完毕！
2018-05-30 15:14:26,932 - __init__.py[line:410] - INFO: Running job Every 20 seconds do run_thread(12) (last run: 2018-05-30 15:14:06, next run: 2018-05-30 15:14:26)
2018-05-30 15:14:26,982 - taskEngine.py[line:86] - INFO: 任务 12 执行完毕！
2018-05-30 15:14:46,935 - __init__.py[line:410] - INFO: Running job Every 20 seconds do run_thread(12) (last run: 2018-05-30 15:14:26, next run: 2018-05-30 15:14:46)
2018-05-30 15:14:46,983 - taskEngine.py[line:86] - INFO: 任务 12 执行完毕！
2018-05-30 15:14:54,865 - __init__.py[line:410] - INFO: Running job Every 60 seconds do sms_level_01() (last run: 2018-05-30 15:13:54, next run: 2018-05-30 15:14:54)
2018-05-30 17:43:26,732 - preload.py[line:12] - INFO: 加载系统菜单......
2018-05-30 17:43:26,738 - preload.py[line:15] - INFO: 加载系统代码数据......
2018-05-30 17:43:26,739 - preload.py[line:17] - INFO: 加载字段代码对应数据......
2018-05-30 17:43:26,741 - preload.py[line:19] - INFO: 定时任务模块启动......
2018-05-30 17:43:26,744 - preload.py[line:22] - INFO: 启动策略扫描告警模块......
2018-05-30 17:43:26,752 - preload.py[line:25] - INFO: 定时短信功能启动......
2018-05-30 17:44:29,597 - preload.py[line:12] - INFO: 加载系统菜单......
2018-05-30 17:44:29,604 - preload.py[line:15] - INFO: 加载系统代码数据......
2018-05-30 17:44:29,606 - preload.py[line:17] - INFO: 加载字段代码对应数据......
2018-05-30 17:44:29,608 - preload.py[line:19] - INFO: 定时任务模块启动......
2018-05-30 17:44:29,612 - preload.py[line:22] - INFO: 启动策略扫描告警模块......
2018-05-30 17:44:29,615 - preload.py[line:25] - INFO: 定时短信功能启动......
2018-05-30 17:44:49,612 - __init__.py[line:410] - INFO: Running job Every 20 seconds do run_thread(12) (last run: [never], next run: 2018-05-30 17:44:49)
2018-05-30 17:44:49,669 - taskEngine.py[line:86] - INFO: 任务 12 执行完毕！
2018-05-30 17:45:09,617 - __init__.py[line:410] - INFO: Running job Every 20 seconds do run_thread(12) (last run: 2018-05-30 17:44:49, next run: 2018-05-30 17:45:09)
2018-05-30 17:45:09,648 - taskEngine.py[line:86] - INFO: 任务 12 执行完毕！
2018-05-30 17:45:29,619 - __init__.py[line:410] - INFO: Running job Every 20 seconds do run_thread(12) (last run: 2018-05-30 17:45:09, next run: 2018-05-30 17:45:29)
2018-05-30 17:45:29,663 - taskEngine.py[line:86] - INFO: 任务 12 执行完毕！
2018-05-30 17:45:30,618 - __init__.py[line:410] - INFO: Running job Every 60 seconds do sms_level_01() (last run: [never], next run: 2018-05-30 17:45:30)
2018-05-30 17:46:18,358 - sms.py[line:105] - ERROR: 短信已发送...
2018-05-30 17:46:18,358 - __init__.py[line:410] - INFO: Running job Every 20 seconds do run_thread(12) (last run: 2018-05-30 17:45:29, next run: 2018-05-30 17:45:49)
2018-05-30 17:46:18,389 - taskEngine.py[line:86] - INFO: 任务 12 执行完毕！
2018-05-30 17:46:38,362 - __init__.py[line:410] - INFO: Running job Every 20 seconds do run_thread(12) (last run: 2018-05-30 17:46:18, next run: 2018-05-30 17:46:38)
2018-05-30 17:46:38,414 - taskEngine.py[line:86] - INFO: 任务 12 执行完毕！
2018-05-31 16:30:28,766 - preload.py[line:12] - INFO: 加载系统菜单......
2018-05-31 16:30:28,780 - preload.py[line:15] - INFO: 加载系统代码数据......
2018-05-31 16:30:28,783 - preload.py[line:17] - INFO: 加载字段代码对应数据......
2018-05-31 16:30:28,786 - preload.py[line:19] - INFO: 定时任务模块启动......
2018-05-31 16:30:28,791 - preload.py[line:22] - INFO: 启动策略扫描告警模块......
2018-05-31 16:30:28,810 - preload.py[line:25] - INFO: 定时短信功能启动......
2018-05-31 16:30:48,791 - __init__.py[line:410] - INFO: Running job Every 20 seconds do run_thread(12) (last run: [never], next run: 2018-05-31 16:30:48)
2018-05-31 16:30:48,830 - taskEngine.py[line:86] - INFO: 任务 12 执行完毕！
2018-05-31 16:31:14,428 - preload.py[line:12] - INFO: 加载系统菜单......
2018-05-31 16:31:14,437 - preload.py[line:15] - INFO: 加载系统代码数据......
2018-05-31 16:31:14,439 - preload.py[line:17] - INFO: 加载字段代码对应数据......
2018-05-31 16:31:14,441 - preload.py[line:19] - INFO: 定时任务模块启动......
2018-05-31 16:31:14,445 - preload.py[line:22] - INFO: 启动策略扫描告警模块......
2018-05-31 16:31:14,449 - preload.py[line:25] - INFO: 定时短信功能启动......
2018-05-31 16:31:34,445 - __init__.py[line:410] - INFO: Running job Every 20 seconds do run_thread(12) (last run: [never], next run: 2018-05-31 16:31:34)
2018-05-31 16:31:34,496 - taskEngine.py[line:86] - INFO: 任务 12 执行完毕！
2018-05-31 16:31:54,455 - __init__.py[line:410] - INFO: Running job Every 20 seconds do run_thread(12) (last run: 2018-05-31 16:31:34, next run: 2018-05-31 16:31:54)
2018-05-31 16:31:54,491 - taskEngine.py[line:86] - INFO: 任务 12 执行完毕！
2018-05-31 16:31:56,803 - preload.py[line:12] - INFO: 加载系统菜单......
2018-05-31 16:31:56,812 - preload.py[line:15] - INFO: 加载系统代码数据......
2018-05-31 16:31:56,814 - preload.py[line:17] - INFO: 加载字段代码对应数据......
2018-05-31 16:31:56,817 - preload.py[line:19] - INFO: 定时任务模块启动......
2018-05-31 16:31:56,819 - preload.py[line:22] - INFO: 启动策略扫描告警模块......
2018-05-31 16:31:56,823 - preload.py[line:25] - INFO: 定时短信功能启动......
2018-05-31 16:32:00,991 - preload.py[line:12] - INFO: 加载系统菜单......
2018-05-31 16:32:00,997 - preload.py[line:15] - INFO: 加载系统代码数据......
2018-05-31 16:32:00,998 - preload.py[line:17] - INFO: 加载字段代码对应数据......
2018-05-31 16:32:01,000 - preload.py[line:19] - INFO: 定时任务模块启动......
2018-05-31 16:32:01,001 - preload.py[line:22] - INFO: 启动策略扫描告警模块......
2018-05-31 16:32:01,004 - preload.py[line:25] - INFO: 定时短信功能启动......
2018-05-31 16:33:24,290 - preload.py[line:12] - INFO: 加载系统菜单......
2018-05-31 16:33:24,301 - preload.py[line:15] - INFO: 加载系统代码数据......
2018-05-31 16:33:24,303 - preload.py[line:17] - INFO: 加载字段代码对应数据......
2018-05-31 16:33:24,307 - preload.py[line:19] - INFO: 定时任务模块启动......
2018-05-31 16:33:24,320 - preload.py[line:22] - INFO: 启动策略扫描告警模块......
2018-05-31 16:33:24,336 - preload.py[line:25] - INFO: 定时短信功能启动......
2018-05-31 16:33:44,320 - __init__.py[line:410] - INFO: Running job Every 20 seconds do run_thread(12) (last run: [never], next run: 2018-05-31 16:33:44)
2018-05-31 16:33:44,373 - taskEngine.py[line:86] - INFO: 任务 12 执行完毕！
2018-05-31 16:34:04,326 - __init__.py[line:410] - INFO: Running job Every 20 seconds do run_thread(12) (last run: 2018-05-31 16:33:44, next run: 2018-05-31 16:34:04)
2018-05-31 16:34:04,424 - taskEngine.py[line:86] - INFO: 任务 12 执行完毕！
2018-05-31 16:34:24,329 - __init__.py[line:410] - INFO: Running job Every 20 seconds do run_thread(12) (last run: 2018-05-31 16:34:04, next run: 2018-05-31 16:34:24)
2018-05-31 16:34:24,437 - taskEngine.py[line:86] - INFO: 任务 12 执行完毕！
2018-05-31 16:34:25,337 - __init__.py[line:410] - INFO: Running job Every 60 seconds do sms_level_01() (last run: [never], next run: 2018-05-31 16:34:25)
2018-05-31 16:34:30,956 - sms.py[line:104] - INFO: 短信已发送...
2018-05-31 16:34:44,332 - __init__.py[line:410] - INFO: Running job Every 20 seconds do run_thread(12) (last run: 2018-05-31 16:34:24, next run: 2018-05-31 16:34:44)
2018-05-31 16:34:44,383 - taskEngine.py[line:86] - INFO: 任务 12 执行完毕！
2018-05-31 16:35:04,337 - __init__.py[line:410] - INFO: Running job Every 20 seconds do run_thread(12) (last run: 2018-05-31 16:34:44, next run: 2018-05-31 16:35:04)
2018-05-31 16:35:04,417 - taskEngine.py[line:86] - INFO: 任务 12 执行完毕！
